1543507475836	mozrunner::runner	INFO	Running command: "/Applications/Firefox.app/Contents/MacOS/firefox-bin" "-marionette" "-foreground" "-no-remote" "-profile" "/var/folders/8z/pwppwvqx2bjct7wy4f5d2zlr0000gp/T/rust_mozprofile.Ibhes72WUZIz"
1543507479161	Marionette	INFO	Listening on port 54906
1543507479215	Marionette	WARN	TLS certificate errors will be ignored for this session
[GFX1-]: Receive IPC close with reason=AbnormalShutdown
[GFX1-]: Receive IPC close with reason=AbnormalShutdown
[GFX1-]: Receive IPC close with reason=AbnormalShutdown
[Child 22675, Chrome_ChildThread] WARNING: pipe error: Broken pipe: file /builds/worker/workspace/build/src/ipc/chromium/src/chrome/common/ipc_channel_posix.cc, line 729
1543507557085	mozrunner::runner	INFO	Running command: "/Applications/Firefox.app/Contents/MacOS/firefox-bin" "-marionette" "-foreground" "-no-remote" "-profile" "/var/folders/8z/pwppwvqx2bjct7wy4f5d2zlr0000gp/T/rust_mozprofile.QSqaAKZXnbLE"
1543507560047	Marionette	INFO	Listening on port 55005
1543507560057	Marionette	WARN	TLS certificate errors will be ignored for this session
1543507711757	mozrunner::runner	INFO	Running command: "/Applications/Firefox.app/Contents/MacOS/firefox-bin" "-marionette" "-foreground" "-no-remote" "-profile" "/var/folders/8z/pwppwvqx2bjct7wy4f5d2zlr0000gp/T/rust_mozprofile.UBf7vNEIkkBo"
1543507714935	Marionette	INFO	Listening on port 55103
1543507715055	Marionette	WARN	TLS certificate errors will be ignored for this session
[GFX1-]: Receive IPC close with reason=AbnormalShutdown
[GFX1-]: Receive IPC close with reason=AbnormalShutdown
1543507859889	mozrunner::runner	INFO	Running command: "/Applications/Firefox.app/Contents/MacOS/firefox-bin" "-marionette" "-foreground" "-no-remote" "-profile" "/var/folders/8z/pwppwvqx2bjct7wy4f5d2zlr0000gp/T/rust_mozprofile.AiBPhFpvs2oz"
1543507863327	Marionette	INFO	Listening on port 55213
1543507863403	Marionette	WARN	TLS certificate errors will be ignored for this session
[GFX1-]: Receive IPC close with reason=AbnormalShutdown
1543508073362	mozrunner::runner	INFO	Running command: "/Applications/Firefox.app/Contents/MacOS/firefox-bin" "-marionette" "-foreground" "-no-remote" "-profile" "/var/folders/8z/pwppwvqx2bjct7wy4f5d2zlr0000gp/T/rust_mozprofile.1bWAozYFRRoy"
1543508076577	Marionette	INFO	Listening on port 55323
1543508076646	Marionette	WARN	TLS certificate errors will be ignored for this session
1543508088713	Marionette	INFO	Stopped listening on port 55323
1543508112235	mozrunner::runner	INFO	Running command: "/Applications/Firefox.app/Contents/MacOS/firefox-bin" "-marionette" "-foreground" "-no-remote" "-profile" "/var/folders/8z/pwppwvqx2bjct7wy4f5d2zlr0000gp/T/rust_mozprofile.sQ3j340JfpWc"
1543508115178	Marionette	INFO	Listening on port 55389
1543508115240	Marionette	WARN	TLS certificate errors will be ignored for this session
1543508127361	Marionette	INFO	Stopped listening on port 55389
1543508152034	mozrunner::runner	INFO	Running command: "/Applications/Firefox.app/Contents/MacOS/firefox-bin" "-marionette" "-foreground" "-no-remote" "-profile" "/var/folders/8z/pwppwvqx2bjct7wy4f5d2zlr0000gp/T/rust_mozprofile.c273t01pjvu6"
1543508154980	Marionette	INFO	Listening on port 55460
1543508155021	Marionette	WARN	TLS certificate errors will be ignored for this session
1543508273487	Marionette	INFO	Stopped listening on port 55460
1543508274935	mozrunner::runner	INFO	Running command: "/Applications/Firefox.app/Contents/MacOS/firefox-bin" "-marionette" "-foreground" "-no-remote" "-profile" "/var/folders/8z/pwppwvqx2bjct7wy4f5d2zlr0000gp/T/rust_mozprofile.CqGQ5e9YjGWM"
1543508277947	Marionette	INFO	Listening on port 55546
1543508278025	Marionette	WARN	TLS certificate errors will be ignored for this session
1543508397433	Marionette	INFO	Stopped listening on port 55546
